2023-06-01 13:32:54,071 [Worker-6: Loading available Gradle versions] INFO  o.e.b.c.i.u.g.PublishedGradleVersions - Gradle version information cache is up-to-date. Trying to read.
2023-06-01 13:47:27,534 [Worker-1: Loading available Gradle versions] INFO  o.e.b.c.i.u.g.PublishedGradleVersions - Gradle version information cache is up-to-date. Trying to read.
2023-06-02 14:15:07,825 [Worker-3: Loading available Gradle versions] INFO  o.e.b.c.i.u.g.PublishedGradleVersions - Gradle version information cache is out-of-date. Trying to update.
2023-06-02 18:02:00,910 [Worker-5: Loading available Gradle versions] INFO  o.e.b.c.i.u.g.PublishedGradleVersions - Gradle version information cache is up-to-date. Trying to read.
2023-06-03 15:52:57,699 [Worker-1: Loading available Gradle versions] INFO  o.e.b.c.i.u.g.PublishedGradleVersions - Gradle version information cache is out-of-date. Trying to update.
2023-06-06 14:38:22,771 [Worker-2: Loading available Gradle versions] INFO  o.e.b.c.i.u.g.PublishedGradleVersions - Gradle version information cache is out-of-date. Trying to update.
2023-06-06 17:33:22,575 [Worker-2: Loading available Gradle versions] INFO  o.e.b.c.i.u.g.PublishedGradleVersions - Gradle version information cache is up-to-date. Trying to read.
2023-06-07 13:25:57,483 [Worker-6: Loading available Gradle versions] INFO  o.e.b.c.i.u.g.PublishedGradleVersions - Gradle version information cache is up-to-date. Trying to read.
2023-06-07 14:06:34,159 [Worker-2: Loading available Gradle versions] INFO  o.e.b.c.i.u.g.PublishedGradleVersions - Gradle version information cache is up-to-date. Trying to read.
2023-06-07 17:42:41,283 [Worker-6: Loading available Gradle versions] INFO  o.e.b.c.i.u.g.PublishedGradleVersions - Gradle version information cache is out-of-date. Trying to update.
2023-06-10 13:06:22,814 [Worker-5: Loading available Gradle versions] INFO  o.e.b.c.i.u.g.PublishedGradleVersions - Gradle version information cache is out-of-date. Trying to update.
2023-06-13 13:17:14,517 [Worker-2: Loading available Gradle versions] INFO  o.e.b.c.i.u.g.PublishedGradleVersions - Gradle version information cache is out-of-date. Trying to update.
2023-06-14 13:49:42,176 [Worker-2: Loading available Gradle versions] INFO  o.e.b.c.i.u.g.PublishedGradleVersions - Gradle version information cache is out-of-date. Trying to update.
2023-06-17 15:49:42,163 [Worker-1: Loading available Gradle versions] INFO  o.e.b.c.i.u.g.PublishedGradleVersions - Gradle version information cache is out-of-date. Trying to update.
2023-06-21 12:50:04,811 [Worker-1: Loading available Gradle versions] INFO  o.e.b.c.i.u.g.PublishedGradleVersions - Gradle version information cache is out-of-date. Trying to update.
2023-06-23 12:30:06,242 [Worker-5: Loading available Gradle versions] INFO  o.e.b.c.i.u.g.PublishedGradleVersions - Gradle version information cache is out-of-date. Trying to update.
2023-06-24 12:32:04,636 [Worker-0: Loading available Gradle versions] INFO  o.e.b.c.i.u.g.PublishedGradleVersions - Gradle version information cache is out-of-date. Trying to update.
2023-06-24 15:10:03,037 [Worker-2: Loading available Gradle versions] INFO  o.e.b.c.i.u.g.PublishedGradleVersions - Gradle version information cache is up-to-date. Trying to read.
2023-06-24 16:27:47,275 [Worker-1: Loading available Gradle versions] INFO  o.e.b.c.i.u.g.PublishedGradleVersions - Gradle version information cache is up-to-date. Trying to read.
2023-06-27 13:03:54,524 [Worker-2: Loading available Gradle versions] INFO  o.e.b.c.i.u.g.PublishedGradleVersions - Gradle version information cache is out-of-date. Trying to update.
2023-06-28 13:31:16,969 [Worker-22: Loading available Gradle versions] INFO  o.e.b.c.i.u.g.PublishedGradleVersions - Gradle version information cache is out-of-date. Trying to update.
2023-06-29 12:53:09,736 [Worker-2: Loading available Gradle versions] INFO  o.e.b.c.i.u.g.PublishedGradleVersions - Gradle version information cache is up-to-date. Trying to read.
2023-06-29 13:09:48,857 [Worker-4: Loading available Gradle versions] INFO  o.e.b.c.i.u.g.PublishedGradleVersions - Gradle version information cache is up-to-date. Trying to read.
2023-06-30 14:25:53,138 [Worker-7: Loading available Gradle versions] INFO  o.e.b.c.i.u.g.PublishedGradleVersions - Gradle version information cache is out-of-date. Trying to update.
2023-07-01 12:58:20,829 [Worker-2: Loading available Gradle versions] INFO  o.e.b.c.i.u.g.PublishedGradleVersions - Gradle version information cache is up-to-date. Trying to read.
2023-07-01 13:00:29,459 [Worker-1: Loading available Gradle versions] INFO  o.e.b.c.i.u.g.PublishedGradleVersions - Gradle version information cache is up-to-date. Trying to read.
2023-07-05 14:54:24,589 [Worker-2: Loading available Gradle versions] INFO  o.e.b.c.i.u.g.PublishedGradleVersions - Gradle version information cache is out-of-date. Trying to update.
2023-07-05 16:51:10,129 [Worker-15: Loading available Gradle versions] INFO  o.e.b.c.i.u.g.PublishedGradleVersions - Gradle version information cache is up-to-date. Trying to read.
2023-07-05 17:02:24,808 [main] INFO  org.eclipse.jetty.server.Server - jetty-10.0.13; built: 2022-12-07T20:13:20.134Z; git: 1c2636ea05c0ca8de1ffd6ca7f3a98ac084c766d; jvm 17.0.7+8-LTS-224
2023-07-05 17:02:24,841 [main] INFO  o.e.j.s.s.DefaultSessionIdManager - Session workerName=node0
2023-07-05 17:02:24,877 [main] INFO  o.e.j.server.handler.ContextHandler - Started o.e.j.s.ServletContextHandler@57d211ba{/wse,null,AVAILABLE}
2023-07-05 17:02:24,894 [main] INFO  o.e.jetty.server.AbstractConnector - Started ServerConnector@5549c878{HTTP/1.1, (http/1.1)}{0.0.0.0:64099}
2023-07-05 17:02:24,896 [main] INFO  org.eclipse.jetty.server.Server - Started Server@47974ecf{STARTING}[10.0.13,sto=0] @948094ms
2023-07-05 17:08:25,664 [Framework stop - Equinox Container: 5e9f7512-3188-4b0a-b4d7-0e0c7dd95a51] INFO  org.eclipse.jetty.server.Server - Stopped Server@47974ecf{STOPPING}[10.0.13,sto=0]
2023-07-05 17:08:25,671 [Framework stop - Equinox Container: 5e9f7512-3188-4b0a-b4d7-0e0c7dd95a51] INFO  o.e.jetty.server.AbstractConnector - Stopped ServerConnector@5549c878{HTTP/1.1, (http/1.1)}{0.0.0.0:0}
2023-07-05 17:08:25,715 [Framework stop - Equinox Container: 5e9f7512-3188-4b0a-b4d7-0e0c7dd95a51] INFO  o.e.j.server.handler.ContextHandler - Stopped o.e.j.s.ServletContextHandler@57d211ba{/wse,null,STOPPED}
2023-07-05 17:09:00,379 [Worker-6: Loading available Gradle versions] INFO  o.e.b.c.i.u.g.PublishedGradleVersions - Gradle version information cache is up-to-date. Trying to read.
2023-07-05 17:09:43,954 [main] INFO  org.eclipse.jetty.server.Server - jetty-10.0.13; built: 2022-12-07T20:13:20.134Z; git: 1c2636ea05c0ca8de1ffd6ca7f3a98ac084c766d; jvm 17.0.7+8-LTS-224
2023-07-05 17:09:43,974 [main] INFO  o.e.j.s.s.DefaultSessionIdManager - Session workerName=node0
2023-07-05 17:09:43,998 [main] INFO  o.e.j.server.handler.ContextHandler - Started o.e.j.s.ServletContextHandler@444e4371{/wse,null,AVAILABLE}
2023-07-05 17:09:44,014 [main] INFO  o.e.jetty.server.AbstractConnector - Started ServerConnector@2c080bf5{HTTP/1.1, (http/1.1)}{0.0.0.0:55383}
2023-07-05 17:09:44,024 [main] INFO  org.eclipse.jetty.server.Server - Started Server@468e9fba{STARTING}[10.0.13,sto=0] @61591ms
2023-07-05 17:29:28,499 [Framework stop - Equinox Container: 480d85be-ea79-467a-8ba5-74f6e536ae0c] INFO  org.eclipse.jetty.server.Server - Stopped Server@468e9fba{STOPPING}[10.0.13,sto=0]
2023-07-05 17:29:28,505 [Framework stop - Equinox Container: 480d85be-ea79-467a-8ba5-74f6e536ae0c] INFO  o.e.jetty.server.AbstractConnector - Stopped ServerConnector@2c080bf5{HTTP/1.1, (http/1.1)}{0.0.0.0:0}
2023-07-05 17:29:28,531 [Framework stop - Equinox Container: 480d85be-ea79-467a-8ba5-74f6e536ae0c] INFO  o.e.j.server.handler.ContextHandler - Stopped o.e.j.s.ServletContextHandler@444e4371{/wse,null,STOPPED}
2023-07-07 13:09:46,673 [Worker-13: Loading available Gradle versions] INFO  o.e.b.c.i.u.g.PublishedGradleVersions - Gradle version information cache is out-of-date. Trying to update.
2023-07-07 15:38:14,915 [Worker-2: Loading available Gradle versions] INFO  o.e.b.c.i.u.g.PublishedGradleVersions - Gradle version information cache is up-to-date. Trying to read.
2023-07-08 13:22:06,543 [Worker-6: Loading available Gradle versions] INFO  o.e.b.c.i.u.g.PublishedGradleVersions - Gradle version information cache is out-of-date. Trying to update.
2023-07-08 14:13:40,145 [Worker-1: Loading available Gradle versions] INFO  o.e.b.c.i.u.g.PublishedGradleVersions - Gradle version information cache is up-to-date. Trying to read.
